{"level":"info","message":"checkinggg","timestamp":"2024-10-07T09:11:15.165Z"}
{"level":"info","message":"checkinggg","timestamp":"2024-10-07T09:11:15.211Z"}
{"level":"info","message":"checkinggg","timestamp":"2024-10-07T09:11:19.625Z"}
{"level":"info","message":"checkinggg","timestamp":"2024-10-07T09:11:19.660Z"}
{"level":"info","message":"checkinggg","timestamp":"2024-10-07T09:11:55.183Z"}
{"level":"info","message":"checkinggg","timestamp":"2024-10-07T09:11:55.218Z"}
{"level":"info","message":"checkinggg","timestamp":"2024-10-07T09:12:21.466Z"}
{"level":"info","message":"checkinggg","timestamp":"2024-10-07T09:12:21.836Z"}
{"level":"info","message":"checkinggg","timestamp":"2024-10-07T09:12:43.509Z"}
{"level":"info","message":"checkinggg","timestamp":"2024-10-07T09:12:43.541Z"}
{"level":"info","message":"checkinggg","timestamp":"2024-10-07T09:13:55.387Z"}
{"level":"info","message":"checkinggg","timestamp":"2024-10-07T09:13:55.429Z"}
{"level":"info","message":"checkinggg","timestamp":"2024-10-07T09:15:18.140Z"}
{"level":"info","message":"checkinggg","timestamp":"2024-10-07T09:15:18.181Z"}
{"level":"info","message":"checkinggg","timestamp":"2024-10-07T09:15:19.551Z"}
{"level":"info","message":"checkinggg","timestamp":"2024-10-07T09:15:20.370Z"}
{"level":"info","message":"checkinggg","timestamp":"2024-10-07T09:15:46.707Z"}
{"level":"info","message":"checkinggg","timestamp":"2024-10-07T09:15:46.744Z"}
{"level":"info","message":"checkinggg","timestamp":"2024-10-07T09:16:09.388Z"}
{"level":"info","message":"checkinggg","timestamp":"2024-10-07T09:16:09.421Z"}
{"level":"info","message":"checkinggg","timestamp":"2024-10-07T09:17:29.645Z"}
{"level":"info","message":"checkinggg","timestamp":"2024-10-07T09:17:29.685Z"}
{"level":"info","message":"checkinggg","timestamp":"2024-10-07T09:36:53.381Z"}
{"level":"info","message":"checkinggg","timestamp":"2024-10-07T09:36:53.429Z"}
{"level":"info","message":"checkinggg","timestamp":"2024-10-07T09:39:08.471Z"}
{"level":"info","message":"checkinggg","timestamp":"2024-10-07T09:39:08.507Z"}
{"level":"info","message":"checkinggg","timestamp":"2024-10-07T11:02:36.181Z"}
{"level":"info","message":"checkinggg","timestamp":"2024-10-07T11:02:36.728Z"}
{"level":"error","message":"Internal server error: \nInvalid `prisma.doctor_interacteduser.findMany()` invocation in\nC:\\Users\\dell\\Desktop\\doc_be_newrepo\\dr1-backend\\routes\\user\\user.controller.js:2475:61\n\n  2472   });\n  2473 }\n  2474 \n→ 2475 const interactions = await prisma.doctor_interacteduser.findMany(\nCan't reach database server at `doconerecoveredsept25.c5qcaqeqc4di.ap-south-1.rds.amazonaws.com`:`5432`\n\nPlease make sure your database server is running at `doconerecoveredsept25.c5qcaqeqc4di.ap-south-1.rds.amazonaws.com`:`5432`. in doctorafterconsult API","timestamp":"2024-10-07T12:31:57.221Z"}
{"level":"error","message":"Internal server error: \nInvalid `prisma.user_details.findFirst()` invocation in\nC:\\Users\\dell\\Desktop\\doc_be_newrepo\\dr1-backend\\routes\\user\\user.controller.js:702:51\n\n  699     message: \"User id null!\",\n  700   });\n  701 }\n→ 702 const userDetails = await prisma.user_details.findFirst(\nCan't reach database server at `doconerecoveredsept25.c5qcaqeqc4di.ap-south-1.rds.amazonaws.com`:`5432`\n\nPlease make sure your database server is running at `doconerecoveredsept25.c5qcaqeqc4di.ap-south-1.rds.amazonaws.com`:`5432`. in getprofile API","timestamp":"2024-10-07T12:31:57.255Z"}
{"level":"error","message":"Internal server error: \nInvalid `prisma.customer_cart.findMany()` invocation in\nC:\\Users\\dell\\Desktop\\doc_be_newrepo\\dr1-backend\\routes\\pharmacy\\pharmacy.controller.js:416:50\n\n  413   });\n  414 }\n  415 \n→ 416 const cartItems = await prisma.customer_cart.findMany(\nCan't reach database server at `doconerecoveredsept25.c5qcaqeqc4di.ap-south-1.rds.amazonaws.com`:`5432`\n\nPlease make sure your database server is running at `doconerecoveredsept25.c5qcaqeqc4di.ap-south-1.rds.amazonaws.com`:`5432`. in getCart API","timestamp":"2024-10-07T12:31:57.258Z"}
{"level":"info","message":"checkinggg","timestamp":"2024-10-09T05:25:46.996Z"}
{"level":"info","message":"checkinggg","timestamp":"2024-10-09T05:25:57.460Z"}
{"level":"info","message":"checkinggg","timestamp":"2024-10-09T05:26:01.072Z"}
{"level":"info","message":"checkinggg","timestamp":"2024-10-09T06:46:15.491Z"}
{"level":"info","message":"checkinggg","timestamp":"2024-10-09T06:46:15.538Z"}
{"level":"info","message":"checkinggg","timestamp":"2024-10-09T06:46:16.131Z"}
{"level":"info","message":"checkinggg","timestamp":"2024-10-09T06:46:16.169Z"}
{"level":"info","message":"checkinggg","timestamp":"2024-10-09T06:46:34.565Z"}
{"level":"info","message":"checkinggg","timestamp":"2024-10-09T06:46:34.606Z"}
{"level":"info","message":"checkinggg","timestamp":"2024-10-09T06:48:08.243Z"}
{"level":"info","message":"checkinggg","timestamp":"2024-10-09T06:48:08.888Z"}
{"level":"info","message":"checkinggg","timestamp":"2024-10-09T06:54:30.041Z"}
{"level":"info","message":"checkinggg","timestamp":"2024-10-09T06:54:30.898Z"}
{"level":"info","message":"checkinggg","timestamp":"2024-10-09T07:01:58.052Z"}
{"level":"info","message":"checkinggg","timestamp":"2024-10-09T07:01:58.981Z"}
{"level":"info","message":"checkinggg","timestamp":"2024-10-09T07:03:10.311Z"}
{"level":"info","message":"checkinggg","timestamp":"2024-10-09T07:03:11.053Z"}
{"level":"info","message":"checkinggg","timestamp":"2024-10-09T07:05:20.777Z"}
{"level":"info","message":"checkinggg","timestamp":"2024-10-09T07:05:21.514Z"}
{"level":"info","message":"checkinggg","timestamp":"2024-10-09T07:22:32.808Z"}
{"level":"info","message":"checkinggg","timestamp":"2024-10-09T07:22:33.577Z"}
{"level":"info","message":"checkinggg","timestamp":"2024-10-09T07:30:14.481Z"}
{"level":"info","message":"checkinggg","timestamp":"2024-10-09T07:30:14.575Z"}
{"level":"info","message":"checkinggg","timestamp":"2024-10-09T07:36:05.843Z"}
{"level":"info","message":"checkinggg","timestamp":"2024-10-09T07:36:06.583Z"}
{"level":"info","message":"checkinggg","timestamp":"2024-10-09T07:40:21.830Z"}
{"level":"info","message":"checkinggg","timestamp":"2024-10-09T07:40:22.404Z"}
{"level":"info","message":"checkinggg","timestamp":"2024-10-09T07:42:43.812Z"}
{"level":"info","message":"checkinggg","timestamp":"2024-10-09T07:42:44.546Z"}
{"level":"info","message":"checkinggg","timestamp":"2024-10-10T06:54:57.887Z"}
{"level":"info","message":"checkinggg","timestamp":"2024-10-10T06:54:59.007Z"}
{"level":"info","message":"checkinggg","timestamp":"2024-10-10T06:54:59.062Z"}
{"level":"info","message":"checkinggg","timestamp":"2024-10-10T06:54:59.504Z"}
{"level":"info","message":"checkinggg","timestamp":"2024-10-10T06:55:21.573Z"}
{"level":"info","message":"checkinggg","timestamp":"2024-10-10T06:55:22.388Z"}
{"level":"info","message":"checkinggg","timestamp":"2024-10-10T06:55:31.507Z"}
{"level":"info","message":"checkinggg","timestamp":"2024-10-10T06:55:32.371Z"}
{"level":"info","message":"checkinggg","timestamp":"2024-10-10T06:55:49.673Z"}
{"level":"info","message":"checkinggg","timestamp":"2024-10-10T06:55:50.604Z"}
{"level":"info","message":"checkinggg","timestamp":"2024-10-10T06:57:14.499Z"}
{"level":"info","message":"checkinggg","timestamp":"2024-10-10T06:57:14.745Z"}
{"level":"info","message":"checkinggg","timestamp":"2024-10-10T07:00:35.651Z"}
{"level":"info","message":"checkinggg","timestamp":"2024-10-10T07:00:35.873Z"}
{"level":"info","message":"checkinggg","timestamp":"2024-10-10T07:00:42.029Z"}
{"level":"info","message":"checkinggg","timestamp":"2024-10-10T07:00:43.085Z"}
{"level":"info","message":"checkinggg","timestamp":"2024-10-10T07:04:45.688Z"}
{"level":"info","message":"checkinggg","timestamp":"2024-10-10T07:04:45.874Z"}
{"level":"info","message":"checkinggg","timestamp":"2024-10-10T07:06:47.767Z"}
{"level":"info","message":"checkinggg","timestamp":"2024-10-10T07:06:47.944Z"}
{"level":"info","message":"checkinggg","timestamp":"2024-10-10T07:07:24.115Z"}
{"level":"info","message":"checkinggg","timestamp":"2024-10-10T07:07:24.274Z"}
{"level":"info","message":"checkinggg","timestamp":"2024-10-10T07:11:24.298Z"}
{"level":"info","message":"checkinggg","timestamp":"2024-10-10T07:11:24.520Z"}
{"level":"info","message":"checkinggg","timestamp":"2024-10-10T07:11:56.898Z"}
{"level":"info","message":"checkinggg","timestamp":"2024-10-10T07:11:57.039Z"}
{"level":"info","message":"checkinggg","timestamp":"2024-10-10T07:14:52.729Z"}
{"level":"info","message":"checkinggg","timestamp":"2024-10-10T07:14:52.870Z"}
{"level":"info","message":"checkinggg","timestamp":"2024-10-10T07:16:42.406Z"}
{"level":"info","message":"checkinggg","timestamp":"2024-10-10T07:16:42.574Z"}
{"level":"info","message":"checkinggg","timestamp":"2024-10-10T07:23:51.084Z"}
{"level":"info","message":"checkinggg","timestamp":"2024-10-10T07:23:51.180Z"}
{"level":"info","message":"checkinggg","timestamp":"2024-10-10T07:24:34.015Z"}
{"level":"info","message":"checkinggg","timestamp":"2024-10-10T07:24:34.174Z"}
{"level":"info","message":"checkinggg","timestamp":"2024-10-10T07:25:33.585Z"}
{"level":"info","message":"checkinggg","timestamp":"2024-10-10T07:25:34.082Z"}
{"level":"info","message":"checkinggg","timestamp":"2024-10-10T07:28:37.969Z"}
{"level":"info","message":"checkinggg","timestamp":"2024-10-10T07:28:38.129Z"}
{"level":"info","message":"checkinggg","timestamp":"2024-10-10T07:36:49.201Z"}
{"level":"info","message":"checkinggg","timestamp":"2024-10-10T07:36:49.889Z"}
{"level":"info","message":"checkinggg","timestamp":"2024-10-10T07:39:36.966Z"}
{"level":"info","message":"checkinggg","timestamp":"2024-10-10T07:39:37.122Z"}
{"level":"info","message":"checkinggg","timestamp":"2024-10-10T07:41:46.745Z"}
{"level":"info","message":"checkinggg","timestamp":"2024-10-10T07:41:46.780Z"}
{"level":"info","message":"checkinggg","timestamp":"2024-10-10T07:43:20.234Z"}
{"level":"info","message":"checkinggg","timestamp":"2024-10-10T07:43:20.726Z"}
{"level":"info","message":"checkinggg","timestamp":"2024-10-10T07:47:15.953Z"}
{"level":"info","message":"checkinggg","timestamp":"2024-10-10T07:47:15.991Z"}
{"level":"info","message":"checkinggg","timestamp":"2024-10-10T07:48:25.017Z"}
{"level":"info","message":"checkinggg","timestamp":"2024-10-10T07:48:25.465Z"}
{"level":"info","message":"checkinggg","timestamp":"2024-10-10T07:48:58.090Z"}
{"level":"info","message":"checkinggg","timestamp":"2024-10-10T07:48:58.132Z"}
{"level":"info","message":"checkinggg","timestamp":"2024-10-10T07:50:00.089Z"}
{"level":"info","message":"checkinggg","timestamp":"2024-10-10T07:50:00.962Z"}
{"level":"info","message":"checkinggg","timestamp":"2024-10-10T07:50:41.341Z"}
{"level":"info","message":"checkinggg","timestamp":"2024-10-10T07:50:41.476Z"}
{"level":"info","message":"checkinggg","timestamp":"2024-10-10T07:50:55.060Z"}
{"level":"info","message":"checkinggg","timestamp":"2024-10-10T07:50:55.102Z"}
{"level":"info","message":"checkinggg","timestamp":"2024-10-10T07:52:59.519Z"}
{"level":"info","message":"checkinggg","timestamp":"2024-10-10T07:52:59.662Z"}
{"level":"info","message":"checkinggg","timestamp":"2024-10-10T07:54:34.767Z"}
{"level":"info","message":"checkinggg","timestamp":"2024-10-10T07:54:34.934Z"}
{"level":"info","message":"checkinggg","timestamp":"2024-10-10T07:55:11.818Z"}
{"level":"info","message":"checkinggg","timestamp":"2024-10-10T07:55:11.865Z"}
{"level":"info","message":"checkinggg","timestamp":"2024-10-10T07:55:33.099Z"}
{"level":"info","message":"checkinggg","timestamp":"2024-10-10T07:55:33.248Z"}
{"level":"error","message":"Internal server error: \nInvalid `prisma.doctor_details.update()` invocation in\nC:\\Users\\dell\\Desktop\\doc_be_newrepo\\dr1-backend\\routes\\doctor\\doctor.controller.js:365:35\n\n  362     : 0;\n  363 \n  364 // Update the doctor's rating in the doctor_details table\n→ 365 await prisma.doctor_details.update(\nServer has closed the connection. in get_doctors API","timestamp":"2024-10-10T09:15:36.586Z"}
{"level":"error","message":"user_id is undefined in getCart API","timestamp":"2024-10-10T09:19:26.243Z"}
{"level":"error","message":"user_id is undefined in getCart API","timestamp":"2024-10-10T09:19:27.259Z"}
{"level":"error","message":"user_id is undefined in getCart API","timestamp":"2024-10-10T09:19:29.288Z"}
{"level":"error","message":"user_id is undefined in getCart API","timestamp":"2024-10-10T09:19:33.354Z"}
{"level":"error","message":"user_id is undefined in getCart API","timestamp":"2024-10-10T09:26:12.186Z"}
{"level":"error","message":"user_id is undefined in getCart API","timestamp":"2024-10-10T09:26:13.218Z"}
{"level":"error","message":"user_id is undefined in getCart API","timestamp":"2024-10-10T09:26:15.243Z"}
